CONTAMINANT_A2A4G1	99	K.VTMQNLNDR.L
CONTAMINANT_A2A4G1	108	R.LASYLDKVR.A
CONTAMINANT_A2A4G1	108	R.LASYLDK.V
CONTAMINANT_A2A4G1	178	R.LAADDFR.L
CONTAMINANT_A2A5Y0	135	K.LAADDFR.T
CONTAMINANT_A2AB72	180	K.LAADDFR.T
CONTAMINANT_ENSEMBL:ENSBTAP00000038253	181	K.SLNNQFASFIDK.V
CONTAMINANT_ENSEMBL:ENSBTAP00000038253	186	Q.FASFIDKVR.F
CONTAMINANT_ENSEMBL:ENSBTAP00000038253	265	K.YEDEINKR.T
CONTAMINANT_ENSEMBL:ENSBTAP00000038253	459	R.DYQELMNTK.L
CONTAMINANT_ENSEMBL:ENSBTAP00000038253	479	R.TLLEGEESR.M
CONTAMINANT_ENSEMBL:ENSP00000377550	184	R.LAADDFR.L
CONTAMINANT_ENSEMBL:ENSP00000377550	201	R.QSVEADINGLRR.V
CONTAMINANT_H-INV:HIT000015463	60	H.LAADDFR.V
CONTAMINANT_H-INV:HIT000016045	9	K.NKYEDEINKR.T
CONTAMINANT_H-INV:HIT000016045	11	K.YEDEINKR.T
CONTAMINANT_O76013	172	K.LAADDFR.T
CONTAMINANT_O76014	183	K.LAADDFR.I
CONTAMINANT_O76015	183	K.LAADDFR.I
CONTAMINANT_O95678	159	K.FASFIDKVR.F
CONTAMINANT_O95678	238	R.YEDEINKR.T
CONTAMINANT_O95678	312	R.NLDLDSIIAEVK.A
CONTAMINANT_O95678	452	R.KLLEGEECR.L
CONTAMINANT_P00761	208	K.NKPGVYTK.V
CONTAMINANT_P02533	41	R.APSTYGGGLSVSSSR.F
CONTAMINANT_P02533	116	K.VTMQNLNDR.L
CONTAMINANT_P02533	125	R.LASYLDK.V
CONTAMINANT_P02533	125	R.LASYLDKVR.A
CONTAMINANT_P02533	194	R.LAADDFR.T
CONTAMINANT_P02533	251	K.NHEEEMNALR.G
CONTAMINANT_P02535-1	145	R.VTMQNLNDR.L
CONTAMINANT_P02535-1	163	R.ALEESNYELEGK.I
CONTAMINANT_P02535-1	175	K.IKEWYEK.H
CONTAMINANT_P02535-1	226	R.LAADDFR.L
CONTAMINANT_P02535-1	243	R.QSVEADINGLRR.V
CONTAMINANT_P02535-1	293	Q.NVSTGDVNVEMNAAPGVDLTQLLNNMR.N
CONTAMINANT_P02535-1	384	K.QSLEASLAETEGR.Y
CONTAMINANT_P02535-1	439	R.LENEIQTYR.S
CONTAMINANT_P02538	173	K.FASFIDKVR.F
CONTAMINANT_P02538	250	K.NKYEDEINKR.T
CONTAMINANT_P02538	252	K.YEDEINKR.T
CONTAMINANT_P02538	326	R.NLDLDSIIAEVK.A
CONTAMINANT_P02538	466	R.KLLEGEECR.L
CONTAMINANT_P02768-1	437	K.KVPQVSTPTLVEVSR.N
CONTAMINANT_P02769	34	R.FKDLGEEHFK.G
CONTAMINANT_P02769	65	K.LVNELTEFAK.T
CONTAMINANT_P02769	401	K.HLVDEPQNLIK.Q
CONTAMINANT_P02769	436	R.KVPQVSTPTLVEVSR.S
CONTAMINANT_P02769	547	K.KQTALVELLK.H
CONTAMINANT_P04259	173	K.FASFIDKVR.F
CONTAMINANT_P04259	250	K.NKYEDEINKR.T
CONTAMINANT_P04259	252	K.YEDEINKR.T
CONTAMINANT_P04259	326	R.NLDLDSIIAEVK.A
CONTAMINANT_P04259	466	R.KLLEGEECR.L
CONTAMINANT_P04264	12	R.SGGGFSSGSAGIINYQR.R
CONTAMINANT_P04264	45	R.FSSCGGGGGSFGAGGGFGSR.S
CONTAMINANT_P04264	65	R.SLVNLGGSK.S
CONTAMINANT_P04264	74	K.SISISVAR.G
CONTAMINANT_P04264	185	K.SLNNQFASFIDK.V
CONTAMINANT_P04264	190	Q.FASFIDKVR.F
CONTAMINANT_P04264	251	R.LDSELKNMQDMVEDYR.N
CONTAMINANT_P04264	257	K.NMQDMVEDYR.N
CONTAMINANT_P04264	267	R.NKYEDEINKR.T
CONTAMINANT_P04264	269	K.YEDEINKR.T
CONTAMINANT_P04264	277	R.TNAENEFVTIKK.D
CONTAMINANT_P04264	289	K.DVDGAYMTK.V
CONTAMINANT_P04264	343	R.SLDLDSIIAEVK.A
CONTAMINANT_P04264	364	K.SKAEAESLYQSK.Y
CONTAMINANT_P04264	364	K.SKAEAESLYQSKYEELQITAGR.H
CONTAMINANT_P04264	376	K.YEELQITAGR.H
CONTAMINANT_P04264	407	R.LRSEIDNVKK.Q
CONTAMINANT_P04264	417	K.QISNLQQSISDAEQR.G
CONTAMINANT_P04264	443	K.LNDLEDALQQAK.E
CONTAMINANT_P04264	463	R.DYQELMNTK.L
CONTAMINANT_P04264	483	R.TLLEGEESR.M
CONTAMINANT_P04264	588	R.GGSGGGGGGSSGGRGSGGGSSGGSIGGR.G
CONTAMINANT_P04264	602	R.GSGGGSSGGSIGGR.G
CONTAMINANT_P05784	82	R.LASYLDK.V
CONTAMINANT_P05784	151	R.LAADDFR.V
CONTAMINANT_P05787	101	K.FASFIDKVR.F
CONTAMINANT_P05787	176	K.NKYEDEINKR.T
CONTAMINANT_P05787	178	K.YEDEINKR.T
CONTAMINANT_P07477	102	K.TLNNDIMLIK.L
CONTAMINANT_P07477	223	K.NKPGVYTK.V
CONTAMINANT_P07744	156	K.FASFIDKVR.F
CONTAMINANT_P07744	449	R.KLLEGEECR.M
CONTAMINANT_P08727	90	R.LASYLDKVR.A
CONTAMINANT_P08727	90	R.LASYLDK.V
CONTAMINANT_P08727	159	R.LAADDFR.T
CONTAMINANT_P08729	101	K.FASFIDKVR.F
CONTAMINANT_P08730-1	106	R.LASYLDKVR.A
CONTAMINANT_P08730-1	106	R.LASYLDK.V
CONTAMINANT_P08730-1	176	R.LAADDFR.L
CONTAMINANT_P08730-1	193	R.QSVEADINGLRR.V
CONTAMINANT_P08779	118	K.VTMQNLNDR.L
CONTAMINANT_P08779	127	R.LASYLDKVR.A
CONTAMINANT_P08779	127	R.LASYLDK.V
CONTAMINANT_P08779	196	R.LAADDFR.T
CONTAMINANT_P12035	195	K.AQEREQIK.T
CONTAMINANT_P12035	208	K.FASFIDKVR.F
CONTAMINANT_P12035	289	K.YEDEINKR.T
CONTAMINANT_P12035	483	R.DYQELMNVK.L
CONTAMINANT_P13645	40	K.GSLGGGFSSGGFSGGSFSR.G
CONTAMINANT_P13645	147	K.VTMQNLNDR.L
CONTAMINANT_P13645	156	R.LASYLDKVR.A
CONTAMINANT_P13645	156	R.LASYLDK.V
CONTAMINANT_P13645	165	R.ALEESNYELEGK.I
CONTAMINANT_P13645	177	K.IKEWYEK.H
CONTAMINANT_P13645	184	K.HGNSHQGEPR.D
CONTAMINANT_P13645	228	R.LAADDFR.L
CONTAMINANT_P13645	235	R.LKYENEVALR.Q
CONTAMINANT_P13645	245	R.QSVEADINGLRR.V
CONTAMINANT_P13645	256	R.RVLDELTLTK.A
CONTAMINANT_P13645	257	R.VLDELTLTK.A
CONTAMINANT_P13645	285	K.NHEEEMKDLR.N
CONTAMINANT_P13645	295	R.NVSTGDVNVEMNAAPGVDLTQLLNNMR.S
CONTAMINANT_P13645	322	R.SQYEQLAEQNRK.D
CONTAMINANT_P13645	334	K.DAEAWFNEK.S
CONTAMINANT_P13645	345	K.ELTTEIDNNIEQISSYK.S
CONTAMINANT_P13645	386	K.QSLEASLAETEGR.Y
CONTAMINANT_P13645	422	R.AETECQNTEYQQLLDIK.I
CONTAMINANT_P13645	439	K.IRLENEIQTYR.S
CONTAMINANT_P13645	441	R.LENEIQTYR.S
CONTAMINANT_P13645	450	R.SLLEGEGSSGGGGR.G
CONTAMINANT_P13645	576	K.SSSSGSVGESSSKGPR.Y
CONTAMINANT_P13646-1	201	R.QSVEADINGLRR.V
CONTAMINANT_P13647	63	R.SLYNLGGSKR.I
CONTAMINANT_P13647	73	R.ISISTSGGSFR.N
CONTAMINANT_P13647	178	K.FASFIDKVR.F
CONTAMINANT_P13647	255	K.NKYEDEINKR.T
CONTAMINANT_P13647	257	K.YEDEINKR.T
CONTAMINANT_P13647	292	K.VDALMDEINFMK.M
CONTAMINANT_P13647	331	R.NLDLDSIIAEVK.A
CONTAMINANT_P13647	383	K.HEISEMNR.M
CONTAMINANT_P13647	431	K.LAELEEALQK.A
CONTAMINANT_P13647	471	R.KLLEGEECR.L
CONTAMINANT_P19001	93	R.LASYLDKVR.A
CONTAMINANT_P19001	93	R.LASYLDK.V
CONTAMINANT_P19001	162	R.LAADDFR.T
CONTAMINANT_P19012	115	R.LASYLDKVR.A
CONTAMINANT_P19012	115	R.LASYLDK.V
CONTAMINANT_P19012	185	R.LAADDFR.L
CONTAMINANT_P35527	13	R.SGGGGGGGLGSGGSIR.S
CONTAMINANT_P35527	46	R.FSSSSGYGGGSSR.V
CONTAMINANT_P35527	154	K.STMQELNSR.L
CONTAMINANT_P35527	163	R.LASYLDK.V
CONTAMINANT_P35527	163	R.LASYLDKVQALEEANNDLENK.I
CONTAMINANT_P35527	170	K.VQALEEANNDLENK.I
CONTAMINANT_P35527	184	K.IQDWYDK.K
CONTAMINANT_P35527	184	K.IQDWYDKK.G
CONTAMINANT_P35527	191	K.KGPAAIQK.N
CONTAMINANT_P35527	199	K.NYSPYYNTIDDLK.D
CONTAMINANT_P35527	212	K.DQIVDLTVGNNK.T
CONTAMINANT_P35527	224	K.TLLDIDNTR.M
CONTAMINANT_P35527	233	R.MTLDDFR.I
CONTAMINANT_P35527	240	R.IKFEMEQNLR.Q
CONTAMINANT_P35527	250	R.QGVDADINGLR.Q
CONTAMINANT_P35527	261	R.QVLDNLTMEK.S
CONTAMINANT_P35527	321	K.TLNDMRQEYEQLIAK.N
CONTAMINANT_P35527	327	R.QEYEQLIAK.N
CONTAMINANT_P35527	478	R.GGSGGSYGRGSR.G
CONTAMINANT_P35527	490	R.GGSGGSYGGGGSGGGYGGGSGSR.G
CONTAMINANT_P35908	20	R.GFSSGSAVVSGGSR.R
CONTAMINANT_P35908	35	R.STSSFSCLSR.H
CONTAMINANT_P35908	45	R.HGGGGGGFGGGGFGSR.S
CONTAMINANT_P35908	181	K.AQEREQIK.T
CONTAMINANT_P35908	194	K.FASFIDKVR.F
CONTAMINANT_P35908	244	R.YLDGLTAER.T
CONTAMINANT_P35908	253	R.TSQNSELNNMQDLVEDYKK.K
CONTAMINANT_P35908	273	K.YEDEINKR.T
CONTAMINANT_P35908	281	R.TAAENDFVTLKK.D
CONTAMINANT_P35908	281	R.TAAENDFVTLK.K
CONTAMINANT_P35908	293	K.DVDNAYMIK.V
CONTAMINANT_P35908	308	K.VDLLNQEIEFLK.V
CONTAMINANT_P35908	347	R.NLDLDSIIAEVK.A
CONTAMINANT_P35908	380	K.YEELQVTVGR.H
CONTAMINANT_P35908	411	R.LQGEIAHVK.K
CONTAMINANT_P35908	467	R.DYQELMNVK.L
CONTAMINANT_P35908	487	R.KLLEGEECR.M
CONTAMINANT_P35908	530	R.GSSSGGGYSSGSSSYGSGGR.Q
CONTAMINANT_P35908	555	R.GGSGGGGSISGGGYGSGGGSGGR.Y
CONTAMINANT_P35908	586	K.GGSISGGGYGSGGGK.H
CONTAMINANT_P35908	609	R.GGSSSGGGYGSGGGGSSSVK.G
CONTAMINANT_P48668	173	K.FASFIDKVR.F
CONTAMINANT_P48668	250	K.NKYEDEINKR.T
CONTAMINANT_P48668	252	K.YEDEINKR.T
CONTAMINANT_P48668	326	R.NLDLDSIIAEVK.A
CONTAMINANT_P48668	466	R.KLLEGEECR.L
CONTAMINANT_P50446	162	K.FASFIDKVR.F
CONTAMINANT_P50446	241	K.YEDEINKR.T
CONTAMINANT_P50446	315	R.SLDLDSIIAEVK.A
CONTAMINANT_P50446	455	R.KLLEGEECR.L
CONTAMINANT_Q01546	180	K.AQEREQIK.T
CONTAMINANT_Q01546	193	K.FASFIDKVR.F
CONTAMINANT_Q01546	272	K.YEDEINKR.T
CONTAMINANT_Q01546	466	R.DYQELMNVK.L
CONTAMINANT_Q01546	486	R.KLLEGEECR.M
CONTAMINANT_Q04695	94	R.LASYLDKVR.A
CONTAMINANT_Q04695	94	R.LASYLDK.V
CONTAMINANT_Q04695	163	R.LAADDFR.T
CONTAMINANT_Q04695	220	K.NHEEEMNALR.G
CONTAMINANT_Q14525	135	K.LAADDFR.T
CONTAMINANT_Q14532	175	K.LAADDFR.A
CONTAMINANT_Q148H6	87	K.VTMQNLNDR.L
CONTAMINANT_Q148H6	169	R.LAADDFR.L
CONTAMINANT_Q148H6	275	R.DAEAWFNEK.S
CONTAMINANT_Q14CN4-1	122	R.AQEREQIK.A
CONTAMINANT_Q14CN4-1	135	K.FASFIDKVR.F
CONTAMINANT_Q15323	135	K.LAADDFR.T
CONTAMINANT_Q2M2I5	224	R.LAADDFR.L
CONTAMINANT_Q32MB2	129	R.AQEREQIK.V
CONTAMINANT_Q32MB2	142	K.FASFIDKVR.F
CONTAMINANT_Q32MB2	435	R.KLLEGEECR.M
CONTAMINANT_Q3KNV1	101	K.FASFIDKVR.F
CONTAMINANT_Q3SY84	127	R.AQEREQIK.A
CONTAMINANT_Q3SY84	140	K.FASFIDKVR.F
CONTAMINANT_Q3TTY5	22	R.GFSSGSAVVSGGSR.R
CONTAMINANT_Q3TTY5	209	K.FASFIDKVR.F
CONTAMINANT_Q3TTY5	288	K.YEDEINKR.T
CONTAMINANT_Q3TTY5	482	R.DYQELMNTK.L
CONTAMINANT_Q3TTY5	502	R.KLLEGEECR.M
CONTAMINANT_Q3ZAW8	114	K.VTMQNLNDR.L
CONTAMINANT_Q3ZAW8	192	R.LAADDFR.T
CONTAMINANT_Q497I4	176	K.LAADDFR.T
CONTAMINANT_Q5XKE5	152	K.FASFIDKVR.F
CONTAMINANT_Q5XKE5	307	R.NLDLDSIIAEVK.A
CONTAMINANT_Q5XKE5	427	R.DYQELMNVK.L
CONTAMINANT_Q5XQN5	63	R.SLYNLGGSKR.I
CONTAMINANT_Q5XQN5	179	K.FASFIDKVR.F
CONTAMINANT_Q5XQN5	256	K.NKYEDEINKR.T
CONTAMINANT_Q5XQN5	258	K.YEDEINKR.T
CONTAMINANT_Q5XQN5	293	K.VDALMDEINFMK.M
CONTAMINANT_Q5XQN5	332	R.SLDLDSIIAEVK.A
CONTAMINANT_Q5XQN5	384	K.HEISEMNR.M
CONTAMINANT_Q5XQN5	396	R.LRSEIDNVKK.Q
CONTAMINANT_Q5XQN5	472	R.KLLEGEECR.L
CONTAMINANT_Q6IFX2	173	R.LAADDFR.T
CONTAMINANT_Q6IFX2	230	K.NHEEEMNALR.G
CONTAMINANT_Q6IFZ6	177	K.FASFIDKVR.F
CONTAMINANT_Q6IFZ6	254	K.NKYEDEINKR.T
CONTAMINANT_Q6IFZ6	256	K.YEDEINKR.T
CONTAMINANT_Q6IME9	131	R.AQEREQIK.A
CONTAMINANT_Q6IME9	144	K.FASFIDKVR.F
CONTAMINANT_Q6ISB0	175	K.FASFIDKVR.F
CONTAMINANT_Q6NXH9	128	R.AQEREQIK.A
CONTAMINANT_Q6NXH9	141	K.FASFIDKVR.F
CONTAMINANT_Q6NXH9	434	R.KLLEGEECR.M
CONTAMINANT_Q7RTS7	137	R.AQEREQIK.V
CONTAMINANT_Q7RTS7	150	K.FASFIDKVR.F
CONTAMINANT_Q7RTS7	443	R.KLLEGEECR.M
CONTAMINANT_Q7RTT2	121	Q.FASFIDKVR.F
CONTAMINANT_Q7Z3Y7	109	K.VTMQNLNDR.L
CONTAMINANT_Q7Z3Y7	191	R.LAADDFR.L
CONTAMINANT_Q7Z3Y7	297	K.DAEAWFNEK.S
CONTAMINANT_Q7Z3Y8	85	K.VTMQNLNDR.L
CONTAMINANT_Q7Z3Y8	184	H.QSVEADINGLRR.V
CONTAMINANT_Q7Z3Y8	273	R.DAEAWFNEK.S
CONTAMINANT_Q7Z3Y9	84	K.VTMQNLNDR.L
CONTAMINANT_Q7Z3Z0	80	K.VTMQNLNDR.L
CONTAMINANT_Q7Z3Z0	268	R.DAEAWFNEK.S
CONTAMINANT_Q7Z794	174	K.FASFIDKVR.F
CONTAMINANT_Q7Z794	253	K.YEDEINKR.T
CONTAMINANT_Q86YZ3	395	R.QSSSYGQHESASR.H
CONTAMINANT_Q86YZ3	413	R.GQHSSGSGQSPGHGQR.G
CONTAMINANT_Q86YZ3	648	R.YGQQGSGSGQSPSR.G
CONTAMINANT_Q86YZ3	1909	R.GEQHGSSSGSSSSYGQHGSGSR.Q
CONTAMINANT_Q86YZ3	1912	Q.HGSSSGSSSSYGQHGSGSR.Q
CONTAMINANT_Q86YZ3	2158	R.YGQHGSGSR.Q
CONTAMINANT_Q86YZ3	2288	S.YGQQGSGSGQSPSR.G
CONTAMINANT_Q86YZ3	2382	R.HGSSSGSSSSYGQHGSGSR.Q
CONTAMINANT_Q86YZ3	2392	S.YGQHGSGSR.Q
CONTAMINANT_Q86YZ3	2401	R.QSLGHGQHGSGSGQSPSPSR.G
CONTAMINANT_Q86YZ3	2447	R.GPYESGSGHSSGLGHR.E
CONTAMINANT_Q86YZ3	2527	R.QGSGSGQSPGHGQR.G
CONTAMINANT_Q86YZ3	2628	H.YGQHGSGSR.Q
CONTAMINANT_Q8BGZ7	160	K.FASFIDKVR.F
CONTAMINANT_Q8BGZ7	239	R.YEDEINKR.A
CONTAMINANT_Q8BGZ7	313	R.SLDLDSIIAEVK.A
CONTAMINANT_Q8BGZ7	453	R.KLLEGEECR.L
CONTAMINANT_Q8N1N4-2	121	Q.FASFIDKVR.F
CONTAMINANT_Q8VED5	149	K.FASFIDKVR.F
CONTAMINANT_Q8VED5	227	K.NKYEDEINKR.T
CONTAMINANT_Q8VED5	229	K.YEDEINKR.T
CONTAMINANT_Q8VED5	303	R.NLDLDSIIAEVK.A
CONTAMINANT_Q922U2	172	K.FASFIDKVR.F
CONTAMINANT_Q922U2	249	K.NKYEDEINKR.T
CONTAMINANT_Q922U2	251	K.YEDEINKR.T
CONTAMINANT_Q922U2	286	R.VDALMDEINFMK.M
CONTAMINANT_Q922U2	325	R.SLDLDSIIAEVK.A
CONTAMINANT_Q922U2	377	K.HEISEMNR.M
CONTAMINANT_Q922U2	389	R.LRSEIDNVKK.Q
CONTAMINANT_Q922U2	465	R.KLLEGEECR.L
CONTAMINANT_Q92764	146	K.LAADDFR.T
CONTAMINANT_Q99456	135	R.LASYLDKVR.A
CONTAMINANT_Q99456	135	R.LASYLDK.V
CONTAMINANT_Q9DCV7	95	K.FASFIDKVR.F
CONTAMINANT_Q9NSB2	175	K.FASFIDKVR.F
CONTAMINANT_Q9QWL7	94	R.LASYLDKVR.A
CONTAMINANT_Q9QWL7	94	R.LASYLDK.V
CONTAMINANT_Q9QWL7	163	R.LAADDFR.T
CONTAMINANT_Q9QWL7	220	K.NHEEEMNALR.G
CONTAMINANT_Q9R0H5	128	R.AQEREQIK.A
CONTAMINANT_Q9R0H5	141	K.FASFIDKVR.F
CONTAMINANT_Q9UE12	135	K.LAADDFR.T
CONTAMINANT_Q9Z2K1	114	K.VTMQNLNDR.L
CONTAMINANT_Q9Z2K1	192	R.LAADDFR.T
CONTAMINANT_REFSEQ:XP_986630	207	K.LAADDFR.T
sp|G5EGK5|CAM1_CAEEL	738	R.TIKIADFGLMRTSYGSDYYK.M
sp|P90754|ENPP1_CAEEL	266	K.FFEGEPIWSVYK.R
sp|Q19020|DYHC_CAEEL	549	R.LKSQLESSR.N
tr|A0A061AL62|A0A061AL62_CAEEL	586	R.KAYSEEAWR.R
tr|B5BM33|B5BM33_CAEEL	203	K.FFEGEPIWSVYK.R
tr|C0Z3L1|C0Z3L1_CAEEL	628	R.KAYSEEAWR.R
tr|E1B6U2|E1B6U2_CAEEL	252	K.FFEGEPIWSVYK.R
tr|G5EC36|G5EC36_CAEEL	331	R.LNSEREEVLNR.V
tr|H2KYN0|H2KYN0_CAEEL	47	K.EVYIFDRIENKTSSENIK.N
tr|N1NTL8|N1NTL8_CAEEL	404	R.NRYLTSSQDIR.S
tr|O62011|O62011_CAEEL	304	K.LWNNDWFKEYTNRGTLK.K
tr|O62471|O62471_CAEEL	669	R.NRYLTSSQDIR.S
tr|Q20500|Q20500_CAEEL	336	K.SFLFTSLDMSTMR.A
tr|Q8MQA4|Q8MQA4_CAEEL	47	K.EVYIFDRIENKTSSENIK.N
tr|Q9TZD6|Q9TZD6_CAEEL	181	R.SDAGSYNTSDKRSSR.G
tr|Q9U3S5|Q9U3S5_CAEEL	300	K.LWNNDWFKEYTNRGTLK.K
tr|Q9XXF6|Q9XXF6_CAEEL	593	R.KAYSEEAWR.R
