PSM_id	FDR	mvScore
WAN1100427_OT2_Celegans_HCW_P1A01.03314.2.AETECQNTEYQQLLDIK	0.000	1.00
WAN1100427_OT2_Celegans_HCW_P1A01.00860.2.QSSSYGQHESASR	0.000	1.00
WAN1100427_OT2_Celegans_HCW_P1A01.02649.2.DAEAWFNEK	0.000	1.00
WAN1100427_OT2_Celegans_HCW_P1A01.01191.2.QSLGHGQHGSGSGQSPSPSR	0.000	1.00
WAN1100427_OT2_Celegans_HCW_P1A01.00753.2.YGQHGSGSR	0.000	1.00
WAN1100427_OT2_Celegans_HCW_P1A01.01461.3.SKAEAESLYQSK	0.000	1.00
WAN1100427_OT2_Celegans_HCW_P1A01.00821.2.HGNSHQGEPR	0.000	1.00
WAN1100427_OT2_Celegans_HCW_P1A01.02259.2.YLDGLTAER	0.000	1.00
WAN1100427_OT2_Celegans_HCW_P1A01.02297.2.YEELQITAGR	0.000	1.00
WAN1100427_OT2_Celegans_HCW_P1A01.00810.2.YGQQGSGSGQSPSR	0.000	1.00
WAN1100427_OT2_Celegans_HCW_P1A01.00833.3.HGSSSGSSSSYGQHGSGSR	0.000	1.00
WAN1100427_OT2_Celegans_HCW_P1A01.01195.2.GGSGGGGSISGGGYGSGGGSGGR	0.000	1.00
WAN1100427_OT2_Celegans_HCW_P1A01.07647.3.SKAEAESLYQSKYEELQITAGR	0.000	1.00
WAN1100427_OT2_Celegans_HCW_P1A01.02464.2.QISNLQQSISDAEQR	0.000	1.00
WAN1100427_OT2_Celegans_HCW_P1A01.02432.2.KVPQVSTPTLVEVSR	0.000	1.00
WAN1100427_OT2_Celegans_HCW_P1A01.02300.2.YEELQITAGR	0.000	1.00
WAN1100427_OT2_Celegans_HCW_P1A01.00857.2.QSSSYGQHESASR	0.000	1.00
WAN1100427_OT2_Celegans_HCW_P1A01.01955.2.VQALEEANNDLENK	0.000	1.00
WAN1100427_OT2_Celegans_HCW_P1A01.04666.2.SLDLDSIIAEVK	0.000	1.00
WAN1100427_OT2_Celegans_HCW_P1A01.01981.2.TAAENDFVTLKK	0.000	1.00
WAN1100427_OT2_Celegans_HCW_P1A01.01279.2.GPYESGSGHSSGLGHR	0.000	1.00
WAN1100427_OT2_Celegans_HCW_P1A01.02968.2.NYSPYYNTIDDLK	0.000	1.00
WAN1100427_OT2_Celegans_HCW_P1A01.02080.2.LKYENEVALR	0.000	1.00
WAN1100427_OT2_Celegans_HCW_P1A01.02403.2.QSLEASLAETEGR	0.000	1.00
WAN1100427_OT2_Celegans_HCW_P1A01.02487.2.IRLENEIQTYR	0.000	1.00
WAN1100427_OT2_Celegans_HCW_P1A01.02406.2.QSLEASLAETEGR	0.000	1.00
WAN1100427_OT2_Celegans_HCW_P1A01.01649.2.SLLEGEGSSGGGGR	0.000	1.00
WAN1100427_OT2_Celegans_HCW_P1A01.01455.2.SQYEQLAEQNRK	0.000	1.00
WAN1100427_OT2_Celegans_HCW_P1A01.01882.2.LDSELKNMQDMVEDYR	0.000	1.00
WAN1100427_OT2_Celegans_HCW_P1A01.02438.2.KVPQVSTPTLVEVSR	0.000	1.00
WAN1100427_OT2_Celegans_HCW_P1A01.02047.2.LASYLDKVR	0.000	1.00
WAN1100427_OT2_Celegans_HCW_P1A01.00708.2.QGSGSGQSPGHGQR	0.000	1.00
WAN1100427_OT2_Celegans_HCW_P1A01.00754.2.GQHSSGSGQSPGHGQR	0.000	1.00
WAN1100427_OT2_Celegans_HCW_P1A01.04746.2.SLDLDSIIAEVK	0.000	1.00
WAN1100427_OT2_Celegans_HCW_P1A01.01381.2.NMQDMVEDYR	0.000	1.00
WAN1100427_OT2_Celegans_HCW_P1A01.01978.2.TAAENDFVTLKK	0.000	1.00
WAN1100427_OT2_Celegans_HCW_P1A01.00837.2.GEQHGSSSGSSSSYGQHGSGSR	0.000	1.00
WAN1100427_OT2_Celegans_HCW_P1A01.00812.2.YGQQGSGSGQSPSR	0.000	1.00
WAN1100427_OT2_Celegans_HCW_P1A01.02827.2.LNDLEDALQQAK	0.000	1.00
WAN1100427_OT2_Celegans_HCW_P1A01.02350.2.YEELQVTVGR	0.000	1.00
WAN1100427_OT2_Celegans_HCW_P1A01.00705.2.QGSGSGQSPGHGQR	0.000	1.00
WAN1100427_OT2_Celegans_HCW_P1A01.02917.2.GSLGGGFSSGGFSGGSFSR	0.000	1.00
WAN1100427_OT2_Celegans_HCW_P1A01.02072.2.LKYENEVALR	0.000	1.00
WAN1100427_OT2_Celegans_HCW_P1A01.02619.2.VLDELTLTK	0.000	1.00
WAN1100427_OT2_Celegans_HCW_P1A01.03311.2.AETECQNTEYQQLLDIK	0.000	1.00
WAN1100427_OT2_Celegans_HCW_P1A01.00841.2.GSGGGSSGGSIGGR	0.000	1.00
WAN1100427_OT2_Celegans_HCW_P1A01.07735.3.TIKIADFGLMRTSYGSDYYK	0.000	1.00
WAN1100427_OT2_Celegans_HCW_P1A01.01870.2.ALEESNYELEGK	0.000	1.00
WAN1100427_OT2_Celegans_HCW_P1A01.02166.2.LKYENEVALR	0.000	1.00
WAN1100427_OT2_Celegans_HCW_P1A01.01578.2.NKYEDEINKR	0.000	1.00
WAN1100427_OT2_Celegans_HCW_P1A01.01121.2.GGSISGGGYGSGGGK	0.000	1.00
WAN1100427_OT2_Celegans_HCW_P1A01.01044.2.GGSGGSYGGGGSGGGYGGGSGSR	0.000	1.00
WAN1100427_OT2_Celegans_HCW_P1A01.00887.2.GGSGGGGGGSSGGRGSGGGSSGGSIGGR	0.000	1.00
WAN1100427_OT2_Celegans_HCW_P1A01.01383.2.NMQDMVEDYR	0.000	1.00
WAN1100427_OT2_Celegans_HCW_P1A01.01281.2.GPYESGSGHSSGLGHR	0.000	1.00
WAN1100427_OT2_Celegans_HCW_P1A01.01618.2.GFSSGSAVVSGGSR	0.000	1.00
WAN1100427_OT2_Celegans_HCW_P1A01.04605.2.VDLLNQEIEFLK	0.000	1.00
WAN1100427_OT2_Celegans_HCW_P1A01.01774.2.HGGGGGGFGGGGFGSR	0.000	1.00
WAN1100427_OT2_Celegans_HCW_P1A01.00781.2.HGNSHQGEPR	0.000	1.00
WAN1100427_OT2_Celegans_HCW_P1A01.01189.2.GGSGGGGSISGGGYGSGGGSGGR	0.000	1.00
WAN1100427_OT2_Celegans_HCW_P1A01.02522.2.TLLDIDNTR	0.000	1.00
WAN1100427_OT2_Celegans_HCW_P1A01.01224.2.YEDEINKR	0.000	1.00
WAN1100427_OT2_Celegans_HCW_P1A01.01214.2.FSSSSGYGGGSSR	0.000	1.00
WAN1100427_OT2_Celegans_HCW_P1A01.02964.2.NYSPYYNTIDDLK	0.000	1.00
WAN1100427_OT2_Celegans_HCW_P1A01.01077.2.GSSSGGGYSSGSSSYGSGGR	0.000	1.00
WAN1100427_OT2_Celegans_HCW_P1A01.03660.2.ELTTEIDNNIEQISSYK	0.000	1.00
WAN1100427_OT2_Celegans_HCW_P1A01.01831.3.FKDLGEEHFK	0.000	1.00
WAN1100427_OT2_Celegans_HCW_P1A01.00759.2.YGQHGSGSR	0.000	1.00
WAN1100427_OT2_Celegans_HCW_P1A01.01773.2.LENEIQTYR	0.000	1.00
WAN1100427_OT2_Celegans_HCW_P1A01.02200.2.ISISTSGGSFR	0.000	1.00
WAN1100427_OT2_Celegans_HCW_P1A01.01876.2.ALEESNYELEGK	0.000	1.00
WAN1100427_OT2_Celegans_HCW_P1A01.02278.2.FSSCGGGGGSFGAGGGFGSR	0.000	1.00
WAN1100427_OT2_Celegans_HCW_P1A01.02230.2.YEELQITAGR	0.000	1.00
WAN1100427_OT2_Celegans_HCW_P1A01.01953.2.VQALEEANNDLENK	0.000	1.00
WAN1100427_OT2_Celegans_HCW_P1A01.02820.2.VDALMDEINFMK	0.000	1.00
WAN1100427_OT2_Celegans_HCW_P1A01.02752.2.FASFIDKVR	0.000	1.00
WAN1100427_OT2_Celegans_HCW_P1A01.02557.2.LAELEEALQK	0.000	1.00
WAN1100427_OT2_Celegans_HCW_P1A01.00890.2.GGSGGGGGGSSGGRGSGGGSSGGSIGGR	0.000	1.00
WAN1100427_OT2_Celegans_HCW_P1A01.02823.2.LNDLEDALQQAK	0.000	1.00
WAN1100427_OT2_Celegans_HCW_P1A01.01624.2.NKYEDEINKR	0.000	1.00
WAN1100427_OT2_Celegans_HCW_P1A01.01821.2.NMQDMVEDYR	0.000	1.00
WAN1100427_OT2_Celegans_HCW_P1A01.01113.2.DVDGAYMTK	0.000	1.00
WAN1100427_OT2_Celegans_HCW_P1A01.02454.2.TAAENDFVTLK	0.000	1.00
WAN1100427_OT2_Celegans_HCW_P1A01.02428.2.SGGGFSSGSAGIINYQR	0.000	1.00
WAN1100427_OT2_Celegans_HCW_P1A01.00783.2.HGNSHQGEPR	0.000	1.00
WAN1100427_OT2_Celegans_HCW_P1A01.02563.2.LAELEEALQK	0.000	1.00
WAN1100427_OT2_Celegans_HCW_P1A01.02225.2.YEELQITAGR	0.000	1.00
WAN1100427_OT2_Celegans_HCW_P1A01.02913.2.GSLGGGFSSGGFSGGSFSR	0.000	1.00
WAN1100427_OT2_Celegans_HCW_P1A01.00874.2.SSSSGSVGESSSKGPR	0.000	1.00
WAN1100427_OT2_Celegans_HCW_P1A01.01226.2.YEDEINKR	0.000	1.00
WAN1100427_OT2_Celegans_HCW_P1A01.03116.2.TLNNDIMLIK	0.000	1.00
WAN1100427_OT2_Celegans_HCW_P1A01.01075.2.GSSSGGGYSSGSSSYGSGGR	0.000	1.00
WAN1100427_OT2_Celegans_HCW_P1A01.04663.2.NLDLDSIIAEVK	0.000	1.00
WAN1100427_OT2_Celegans_HCW_P1A01.01198.2.QSLGHGQHGSGSGQSPSPSR	0.000	1.00
WAN1100427_OT2_Celegans_HCW_P1A01.02449.3.KVPQVSTPTLVEVSR	0.000	1.00
WAN1100427_OT2_Celegans_HCW_P1A01.01465.3.SKAEAESLYQSK	0.000	1.00
WAN1100427_OT2_Celegans_HCW_P1A01.02460.2.QISNLQQSISDAEQR	0.000	1.00
WAN1100427_OT2_Celegans_HCW_P1A01.00902.2.GGSSSGGGYGSGGGGSSSVK	0.000	1.00
WAN1100427_OT2_Celegans_HCW_P1A01.01769.2.APSTYGGGLSVSSSR	0.000	1.00
WAN1100427_OT2_Celegans_HCW_P1A01.01049.2.GGSGGSYGGGGSGGGYGGGSGSR	0.000	1.00
WAN1100427_OT2_Celegans_HCW_P1A01.07639.3.SKAEAESLYQSKYEELQITAGR	0.000	1.00
WAN1100427_OT2_Celegans_HCW_P1A01.01411.2.SGGGGGGGLGSGGSIR	0.000	1.00
WAN1100427_OT2_Celegans_HCW_P1A01.03561.2.SLNNQFASFIDK	0.000	1.00
WAN1100427_OT2_Celegans_HCW_P1A01.01829.3.FKDLGEEHFK	0.000	1.00
WAN1100427_OT2_Celegans_HCW_P1A01.01221.2.FSSSSGYGGGSSR	0.000	1.00
WAN1100427_OT2_Celegans_HCW_P1A01.00831.3.HGSSSGSSSSYGQHGSGSR	0.000	1.00
WAN1100427_OT2_Celegans_HCW_P1A01.02288.2.HLVDEPQNLIK	0.000	1.00
WAN1100427_OT2_Celegans_HCW_P1A01.00819.2.HGNSHQGEPR	0.000	1.00
WAN1100427_OT2_Celegans_HCW_P1A01.01929.3.TNAENEFVTIKK	0.000	1.00
WAN1100427_OT2_Celegans_HCW_P1A01.02824.2.VDALMDEINFMK	0.000	1.00
WAN1100427_OT2_Celegans_HCW_P1A01.01772.2.APSTYGGGLSVSSSR	0.000	1.00
WAN1100427_OT2_Celegans_HCW_P1A01.01818.2.NMQDMVEDYR	0.000	1.00
WAN1100427_OT2_Celegans_HCW_P1A01.01615.2.GFSSGSAVVSGGSR	0.000	1.00
WAN1100427_OT2_Celegans_HCW_P1A01.03558.2.SLNNQFASFIDK	0.000	1.00
WAN1100427_OT2_Celegans_HCW_P1A01.02643.2.DAEAWFNEK	0.000	1.00
WAN1100427_OT2_Celegans_HCW_P1A01.00757.2.GQHSSGSGQSPGHGQR	0.000	1.00
WAN1100427_OT2_Celegans_HCW_P1A01.02286.2.HLVDEPQNLIK	0.000	1.00
WAN1100427_OT2_Celegans_HCW_P1A01.01925.2.TNAENEFVTIKK	0.000	1.00
WAN1100427_OT2_Celegans_HCW_P1A01.02490.2.IRLENEIQTYR	0.000	1.00
WAN1100427_OT2_Celegans_HCW_P1A01.04617.2.VDLLNQEIEFLK	0.000	1.00
WAN1100427_OT2_Celegans_HCW_P1A01.02448.2.TAAENDFVTLK	0.000	1.00
WAN1100427_OT2_Celegans_HCW_P1A01.04658.2.NLDLDSIIAEVK	0.000	1.00
WAN1100427_OT2_Celegans_HCW_P1A01.01451.2.SQYEQLAEQNRK	0.000	1.00
WAN1100427_OT2_Celegans_HCW_P1A01.02759.2.FASFIDKVR	0.000	1.00
WAN1100427_OT2_Celegans_HCW_P1A01.01878.2.LDSELKNMQDMVEDYR	0.000	1.00
WAN1100427_OT2_Celegans_HCW_P1A01.04659.2.SLDLDSIIAEVK	0.000	1.00
WAN1100427_OT2_Celegans_HCW_P1A01.01453.2.SKAEAESLYQSK	0.000	1.00
WAN1100427_OT2_Celegans_HCW_P1A01.02042.2.LASYLDKVR	0.000	1.00
WAN1100427_OT2_Celegans_HCW_P1A01.00849.2.HGSSSGSSSSYGQHGSGSR	0.000	1.00
WAN1100427_OT2_Celegans_HCW_P1A01.02268.2.FSSCGGGGGSFGAGGGFGSR	0.000	1.00
WAN1100427_OT2_Celegans_HCW_P1A01.04748.2.SLDLDSIIAEVK	0.000	1.00
WAN1100427_OT2_Celegans_HCW_P1A01.02436.3.KVPQVSTPTLVEVSR	0.000	1.00
WAN1100427_OT2_Celegans_HCW_P1A01.07779.3.SKAEAESLYQSKYEELQITAGR	0.000	1.00
WAN1100427_OT2_Celegans_HCW_P1A01.03673.2.ELTTEIDNNIEQISSYK	0.000	1.00
WAN1100427_OT2_Celegans_HCW_P1A01.02424.2.DQIVDLTVGNNK	0.000	1.00
WAN1100427_OT2_Celegans_HCW_P1A01.01922.2.TNAENEFVTIKK	0.000	1.00
WAN1100427_OT2_Celegans_HCW_P1A01.01647.2.SLLEGEGSSGGGGR	0.000	1.00
WAN1100427_OT2_Celegans_HCW_P1A01.00843.2.GSGGGSSGGSIGGR	0.000	1.00
WAN1100427_OT2_Celegans_HCW_P1A01.03650.3.LASYLDKVQALEEANNDLENK	0.000	1.00
WAN1100427_OT2_Celegans_HCW_P1A01.01118.2.GGSISGGGYGSGGGK	0.000	1.00
WAN1100427_OT2_Celegans_HCW_P1A01.02615.2.VLDELTLTK	0.000	1.00
WAN1100427_OT2_Celegans_HCW_P1A01.00871.2.SSSSGSVGESSSKGPR	0.000	1.00
WAN1100427_OT2_Celegans_HCW_P1A01.01776.2.LENEIQTYR	0.000	1.00
WAN1100427_OT2_Celegans_HCW_P1A01.01414.2.SGGGGGGGLGSGGSIR	0.000	1.00
WAN1100427_OT2_Celegans_HCW_P1A01.00907.2.GGSSSGGGYGSGGGGSSSVK	0.000	1.00
WAN1100427_OT2_Celegans_HCW_P1A01.01448.2.SKAEAESLYQSK	0.000	1.00
WAN1100427_OT2_Celegans_HCW_P1A01.02263.2.YLDGLTAER	0.000	1.00
WAN1100427_OT2_Celegans_HCW_P1A01.02034.2.QEYEQLIAK	0.000	1.00
WAN1100427_OT2_Celegans_HCW_P1A01.01837.2.STSSFSCLSR	0.000	1.00
WAN1100427_OT2_Celegans_HCW_P1A01.02830.2.KQTALVELLK	0.000	1.00
WAN1100427_OT2_Celegans_HCW_P1A01.01685.2.TLLEGEESR	0.000	1.00
WAN1100427_OT2_Celegans_HCW_P1A01.02833.2.KQTALVELLK	0.000	1.00
WAN1100427_OT2_Celegans_HCW_P1A01.01682.2.TLLEGEESR	0.000	1.00
WAN1100427_OT2_Celegans_HCW_P1A01.03960.2.NVSTGDVNVEMNAAPGVDLTQLLNNMR	0.000	1.00
WAN1100427_OT2_Celegans_HCW_P1A01.02038.2.SLVNLGGSK	0.000	1.00
WAN1100427_OT2_Celegans_HCW_P1A01.01856.2.IKFEMEQNLR	0.000	1.00
WAN1100427_OT2_Celegans_HCW_P1A01.01825.2.FKDLGEEHFK	0.000	1.00
WAN1100427_OT2_Celegans_HCW_P1A01.01827.2.FKDLGEEHFK	0.000	1.00
WAN1100427_OT2_Celegans_HCW_P1A01.00747.2.HGNSHQGEPR	0.000	1.00
WAN1100427_OT2_Celegans_HCW_P1A01.03008.2.LVNELTEFAK	0.000	1.00
WAN1100427_OT2_Celegans_HCW_P1A01.01935.3.TNAENEFVTIKK	0.000	1.00
WAN1100427_OT2_Celegans_HCW_P1A01.01832.2.STSSFSCLSR	0.000	1.00
WAN1100427_OT2_Celegans_HCW_P1A01.02354.2.YEELQVTVGR	0.000	1.00
WAN1100427_OT2_Celegans_HCW_P1A01.01070.2.NHEEEMKDLR	0.000	1.00
WAN1100427_OT2_Celegans_HCW_P1A01.03627.3.LASYLDKVQALEEANNDLENK	0.000	1.00
WAN1100427_OT2_Celegans_HCW_P1A01.01871.3.LDSELKNMQDMVEDYR	0.000	1.00
WAN1100427_OT2_Celegans_HCW_P1A01.01540.3.NKYEDEINKR	0.000	1.00
WAN1100427_OT2_Celegans_HCW_P1A01.01531.3.NKYEDEINKR	0.000	1.00
WAN1100427_OT2_Celegans_HCW_P1A01.01193.3.QSLGHGQHGSGSGQSPSPSR	0.000	1.00
WAN1100427_OT2_Celegans_HCW_P1A01.01560.2.NKYEDEINKR	0.000	1.00
WAN1100427_OT2_Celegans_HCW_P1A01.01116.2.DVDGAYMTK	0.000	1.00
WAN1100427_OT2_Celegans_HCW_P1A01.02039.2.QEYEQLIAK	0.000	1.00
WAN1100427_OT2_Celegans_HCW_P1A01.02035.2.SLVNLGGSK	0.000	1.00
WAN1100427_OT2_Celegans_HCW_P1A01.01050.2.VTMQNLNDR	0.000	1.00
WAN1100427_OT2_Celegans_HCW_P1A01.01074.2.NHEEEMKDLR	0.000	1.00
WAN1100427_OT2_Celegans_HCW_P1A01.01982.3.TSQNSELNNMQDLVEDYKK	0.000	1.00
WAN1100427_OT2_Celegans_HCW_P1A01.01201.2.NHEEEMNALR	0.000	1.00
WAN1100427_OT2_Celegans_HCW_P1A01.01867.3.LDSELKNMQDMVEDYR	0.000	1.00
WAN1100427_OT2_Celegans_HCW_P1A01.01065.2.NKPGVYTK	0.000	1.00
WAN1100427_OT2_Celegans_HCW_P1A01.01800.2.LAADDFR	0.000	1.00
WAN1100427_OT2_Celegans_HCW_P1A01.01789.2.IQDWYDKK	0.000	1.00
WAN1100427_OT2_Celegans_HCW_P1A01.02519.2.TLLDIDNTR	0.000	1.00
WAN1100427_OT2_Celegans_HCW_P1A01.01478.2.KLLEGEECR	0.000	1.00
WAN1100427_OT2_Celegans_HCW_P1A01.00749.2.HGNSHQGEPR	0.000	1.00
WAN1100427_OT2_Celegans_HCW_P1A01.02523.2.TLNDMRQEYEQLIAK	0.000	1.00
WAN1100427_OT2_Celegans_HCW_P1A01.01480.2.KLLEGEECR	0.000	1.00
WAN1100427_OT2_Celegans_HCW_P1A01.01744.2.DYQELMNVK	0.000	1.00
WAN1100427_OT2_Celegans_HCW_P1A01.01797.2.LAADDFR	0.000	1.00
WAN1100427_OT2_Celegans_HCW_P1A01.01190.3.QSLGHGQHGSGSGQSPSPSR	0.000	1.00
WAN1100427_OT2_Celegans_HCW_P1A01.00732.2.QGSGSGQSPGHGQR	0.000	1.00
WAN1100427_OT2_Celegans_HCW_P1A01.01484.2.LQGEIAHVK	0.000	1.00
WAN1100427_OT2_Celegans_HCW_P1A01.01415.2.DYQELMNTK	0.000	1.00
WAN1100427_OT2_Celegans_HCW_P1A01.01719.2.DVDNAYMIK	0.000	1.00
WAN1100427_OT2_Celegans_HCW_P1A01.02624.2.MTLDDFR	0.000	1.00
WAN1100427_OT2_Celegans_HCW_P1A01.03106.2.TLNNDIMLIK	0.000	1.00
WAN1100427_OT2_Celegans_HCW_P1A01.02245.2.QSVEADINGLRR	0.000	1.00
WAN1100427_OT2_Celegans_HCW_P1A01.00979.2.STMQELNSR	0.000	1.00
WAN1100427_OT2_Celegans_HCW_P1A01.04829.2.SLDLDSIIAEVK	0.000	1.00
WAN1100427_OT2_Celegans_HCW_P1A01.01197.2.NKYEDEINKR	0.000	1.00
WAN1100427_OT2_Celegans_HCW_P1A01.01724.2.DVDNAYMIK	0.000	1.00
WAN1100427_OT2_Celegans_HCW_P1A01.01854.2.SLYNLGGSKR	0.000	1.00
WAN1100427_OT2_Celegans_HCW_P1A01.00976.2.STMQELNSR	0.000	1.00
WAN1100427_OT2_Celegans_HCW_P1A01.02520.2.TLNDMRQEYEQLIAK	0.000	1.00
WAN1100427_OT2_Celegans_HCW_P1A01.01785.2.IQDWYDKK	0.000	1.00
WAN1100427_OT2_Celegans_HCW_P1A01.00983.2.NKPGVYTK	0.000	1.00
WAN1100427_OT2_Celegans_HCW_P1A01.00734.2.QGSGSGQSPGHGQR	0.000	1.00
WAN1100427_OT2_Celegans_HCW_P1A01.03950.2.NVSTGDVNVEMNAAPGVDLTQLLNNMR	0.000	1.00
WAN1100427_OT2_Celegans_HCW_P1A01.02651.2.RVLDELTLTK	0.000	1.00
WAN1100427_OT2_Celegans_HCW_P1A01.01859.2.IKFEMEQNLR	0.000	1.00
WAN1100427_OT2_Celegans_HCW_P1A01.02024.2.QVLDNLTMEK	0.000	1.00
WAN1100427_OT2_Celegans_HCW_P1A01.02659.2.RVLDELTLTK	0.000	1.00
WAN1100427_OT2_Celegans_HCW_P1A01.00980.2.NKPGVYTK	0.000	1.00
WAN1100427_OT2_Celegans_HCW_P1A01.01887.2.IKEWYEK	0.000	1.00
WAN1100427_OT2_Celegans_HCW_P1A01.01857.2.SLYNLGGSKR	0.000	1.00
WAN1100427_OT2_Celegans_HCW_P1A01.01052.2.VTMQNLNDR	0.000	1.00
WAN1100427_OT2_Celegans_HCW_P1A01.02010.2.IQDWYDK	0.000	1.00
WAN1100427_OT2_Celegans_HCW_P1A01.01890.2.IKEWYEK	0.000	1.00
WAN1100427_OT2_Celegans_HCW_P1A01.02056.2.TNAENEFVTIKK	0.000	1.00
WAN1100427_OT2_Celegans_HCW_P1A01.02209.2.LKYENEVALR	0.000	1.00
WAN1100427_OT2_Celegans_HCW_P1A01.02249.2.QSVEADINGLRR	0.000	1.00
WAN1100427_OT2_Celegans_HCW_P1A01.01069.2.NKPGVYTK	0.000	1.00
WAN1100427_OT2_Celegans_HCW_P1A01.03478.2.FFEGEPIWSVYK	0.000	1.00
WAN1100427_OT2_Celegans_HCW_P1A01.01024.2.KGPAAIQK	0.000	1.00
WAN1100427_OT2_Celegans_HCW_P1A01.00988.2.DVDGAYMTK	0.000	1.00
WAN1100427_OT2_Celegans_HCW_P1A01.02237.3.SFLFTSLDMSTMR	0.000	1.00
WAN1100427_OT2_Celegans_HCW_P1A01.01757.2.LASYLDK	0.000	1.00
WAN1100427_OT2_Celegans_HCW_P1A01.01740.2.DYQELMNVK	0.000	1.00
WAN1100427_OT2_Celegans_HCW_P1A01.01988.2.SISISVAR	0.000	0.99
WAN1100427_OT2_Celegans_HCW_P1A01.02243.3.SFLFTSLDMSTMR	0.000	0.99
WAN1100427_OT2_Celegans_HCW_P1A01.01028.2.KGPAAIQK	0.000	0.99
WAN1100427_OT2_Celegans_HCW_P1A01.07373.3.LWNNDWFKEYTNRGTLK	0.000	0.99
WAN1100427_OT2_Celegans_HCW_P1A01.01991.2.SISISVAR	0.000	0.99
WAN1100427_OT2_Celegans_HCW_P1A01.01447.3.SQYEQLAEQNRK	0.000	0.99
WAN1100427_OT2_Celegans_HCW_P1A01.01678.2.NKYEDEINKR	0.000	0.99
WAN1100427_OT2_Celegans_HCW_P1A01.00815.2.GGSGGSYGRGSR	0.001	0.98
WAN1100427_OT2_Celegans_HCW_P1A01.01960.2.MTLDDFR	0.001	0.98
WAN1100427_OT2_Celegans_HCW_P1A01.01401.2.KAYSEEAWR	0.001	0.98
WAN1100427_OT2_Celegans_HCW_P1A01.00927.2.AQEREQIK	0.001	0.98
WAN1100427_OT2_Celegans_HCW_P1A01.01963.2.MTLDDFR	0.001	0.97
WAN1100427_OT2_Celegans_HCW_P1A01.01462.2.LRSEIDNVKK	0.001	0.97
WAN1100427_OT2_Celegans_HCW_P1A01.01627.2.NKYEDEINKR	0.001	0.97
WAN1100427_OT2_Celegans_HCW_P1A01.00817.2.GGSGGSYGRGSR	0.002	0.97
WAN1100427_OT2_Celegans_HCW_P1A01.00929.2.AQEREQIK	0.002	0.97
WAN1100427_OT2_Celegans_HCW_P1A01.02022.2.QVLDNLTMEK	0.002	0.96
WAN1100427_OT2_Celegans_HCW_P1A01.02194.2.NRYLTSSQDIR	0.002	0.96
WAN1100427_OT2_Celegans_HCW_P1A01.01459.2.LRSEIDNVKK	0.003	0.95
WAN1100427_OT2_Celegans_HCW_P1A01.01268.2.LKSQLESSR	0.004	0.94
WAN1100427_OT2_Celegans_HCW_P1A01.01917.2.QGVDADINGLR	0.004	0.94
WAN1100427_OT2_Celegans_HCW_P1A01.01205.2.NHEEEMNALR	0.004	0.94
WAN1100427_OT2_Celegans_HCW_P1A01.00886.2.HEISEMNR	0.004	0.94
WAN1100427_OT2_Celegans_HCW_P1A01.01782.2.LNSEREEVLNR	0.005	0.92
WAN1100427_OT2_Celegans_HCW_P1A01.02289.2.QGVDADINGLR	0.005	0.92
WAN1100427_OT2_Celegans_HCW_P1A01.02282.3.SDAGSYNTSDKRSSR	0.005	0.91
WAN1100427_OT2_Celegans_HCW_P1A01.01933.2.IKFEMEQNLR	0.006	0.91
WAN1100427_OT2_Celegans_HCW_P1A01.02525.3.TLNDMRQEYEQLIAK	0.006	0.91
WAN1100427_OT2_Celegans_HCW_P1A01.02001.2.IQDWYDK	0.007	0.91
WAN1100427_OT2_Celegans_HCW_P1A01.03217.2.EVYIFDRIENKTSSENIK	0.008	0.89
WAN1100427_OT2_Celegans_HCW_P1A01.02721.2.TLNNDIMLIK	0.008	0.89
WAN1100427_OT2_Celegans_HCW_P1A01.02277.3.SDAGSYNTSDKRSSR	0.009	0.88
WAN1100427_OT2_Celegans_HCW_P1A01.01807.2.QVLDNLTMEK	0.010	0.88
