CONTAMINANT_ENSEMBL:ENSBTAP00000038253	181	K.SLNNQFASFIDK.V
CONTAMINANT_P02533	41	R.APSTYGGGLSVSSSR.F
CONTAMINANT_P02535-1	163	R.ALEESNYELEGK.I
CONTAMINANT_P02535-1	293	Q.NVSTGDVNVEMNAAPGVDLTQLLNNMR.N
CONTAMINANT_P02535-1	384	K.QSLEASLAETEGR.Y
CONTAMINANT_P02535-1	439	R.LENEIQTYR.S
CONTAMINANT_P04264	12	R.SGGGFSSGSAGIINYQR.R
CONTAMINANT_P04264	45	R.FSSCGGGGGSFGAGGGFGSR.S
CONTAMINANT_P04264	185	K.SLNNQFASFIDK.V
CONTAMINANT_P04264	211	K.WELLQQVDTSTR.T
CONTAMINANT_P04264	257	K.NMQDMVEDYR.N
CONTAMINANT_P04264	277	R.TNAENEFVTIK.K
CONTAMINANT_P04264	277	R.TNAENEFVTIKK.D
CONTAMINANT_P04264	343	R.SLDLDSIIAEVK.A
CONTAMINANT_P04264	364	K.SKAEAESLYQSK.Y
CONTAMINANT_P04264	376	K.YEELQITAGR.H
CONTAMINANT_P04264	417	K.QISNLQQSISDAEQR.G
CONTAMINANT_P04264	518	R.GGGGGGYGSGGSSYGSGGGSYGSGGGGGGGR.G
CONTAMINANT_P04264	602	R.GSGGGSSGGSIGGR.G
CONTAMINANT_P13645	15	R.SGGGGGGGGCGGGGGVSSLR.I
CONTAMINANT_P13645	40	K.GSLGGGFSSGGFSGGSFSR.G
CONTAMINANT_P13645	59	R.GSSGGGCFGGSSGGYGGLGGFGGGSFR.G
CONTAMINANT_P13645	165	R.ALEESNYELEGK.I
CONTAMINANT_P13645	184	K.HGNSHQGEPR.D
CONTAMINANT_P13645	295	R.NVSTGDVNVEMNAAPGVDLTQLLNNMR.S
CONTAMINANT_P13645	345	K.ELTTEIDNNIEQISSYK.S
CONTAMINANT_P13645	386	K.QSLEASLAETEGR.Y
CONTAMINANT_P13645	422	R.AETECQNTEYQQLLDIK.I
CONTAMINANT_P13645	441	R.LENEIQTYR.S
CONTAMINANT_P13645	450	R.SLLEGEGSSGGGGR.G
CONTAMINANT_P13647	292	K.VDALMDEINFMK.M
CONTAMINANT_P35527	13	R.SGGGGGGGLGSGGSIR.S
CONTAMINANT_P35527	46	R.FSSSSGYGGGSSR.V
CONTAMINANT_P35527	374	R.HGVQELEIELQSQLSKK.A
CONTAMINANT_P35527	490	R.GGSGGSYGGGGSGGGYGGGSGSR.G
CONTAMINANT_P35908	45	R.HGGGGGGFGGGGFGSR.S
CONTAMINANT_P35908	308	K.VDLLNQEIEFLK.V
CONTAMINANT_P35908	424	K.NVQDAIADAEQR.G
CONTAMINANT_P35908	530	R.GSSSGGGYSSGSSSYGSGGR.Q
CONTAMINANT_P35908	555	R.GGSGGGGSISGGGYGSGGGSGGR.Y
CONTAMINANT_P35908	586	K.GGSISGGGYGSGGGK.H
CONTAMINANT_P35908	609	R.GGSSSGGGYGSGGGGSSSVK.G
CONTAMINANT_P50446	315	R.SLDLDSIIAEVK.A
CONTAMINANT_Q5XQN5	293	K.VDALMDEINFMK.M
CONTAMINANT_Q5XQN5	332	R.SLDLDSIIAEVK.A
CONTAMINANT_Q86YZ3	648	R.YGQQGSGSGQSPSR.G
CONTAMINANT_Q86YZ3	1912	Q.HGSSSGSSSSYGQHGSGSR.Q
CONTAMINANT_Q86YZ3	2288	S.YGQQGSGSGQSPSR.G
CONTAMINANT_Q86YZ3	2382	R.HGSSSGSSSSYGQHGSGSR.Q
CONTAMINANT_Q8BGZ7	313	R.SLDLDSIIAEVK.A
CONTAMINANT_Q922U2	286	R.VDALMDEINFMK.M
CONTAMINANT_Q922U2	325	R.SLDLDSIIAEVK.A
