PSM_id	FDR	mvScore
WAN1100427_OT2_Celegans_HCW_P1A02.02218.2.FSSCGGGGGSFGAGGGFGSR	0.000	1.00
WAN1100427_OT2_Celegans_HCW_P1A02.04453.2.SLDLDSIIAEVK	0.000	1.00
WAN1100427_OT2_Celegans_HCW_P1A02.01066.2.NHEEEMKDLR	0.000	1.00
WAN1100427_OT2_Celegans_HCW_P1A02.01914.3.TNAENEFVTIKK	0.000	1.00
WAN1100427_OT2_Celegans_HCW_P1A02.00759.2.YGQHGSGSR	0.000	1.00
WAN1100427_OT2_Celegans_HCW_P1A02.01775.2.LENEIQTYR	0.000	1.00
WAN1100427_OT2_Celegans_HCW_P1A02.04385.2.NLDLDSIIAEVK	0.000	1.00
WAN1100427_OT2_Celegans_HCW_P1A02.04384.2.SLDLDSIIAEVK	0.000	1.00
WAN1100427_OT2_Celegans_HCW_P1A02.01979.2.LKYENEVALR	0.000	1.00
WAN1100427_OT2_Celegans_HCW_P1A02.00841.2.GSGGGSSGGSIGGR	0.000	1.00
WAN1100427_OT2_Celegans_HCW_P1A02.01122.2.GGSISGGGYGSGGGK	0.000	1.00
WAN1100427_OT2_Celegans_HCW_P1A02.00906.2.GGSSSGGGYGSGGGGSSSVK	0.000	1.00
WAN1100427_OT2_Celegans_HCW_P1A02.02442.2.IRLENEIQTYR	0.000	1.00
WAN1100427_OT2_Celegans_HCW_P1A02.01194.2.QSLGHGQHGSGSGQSPSPSR	0.000	1.00
WAN1100427_OT2_Celegans_HCW_P1A02.02358.2.SGGGFSSGSAGIINYQR	0.000	1.00
WAN1100427_OT2_Celegans_HCW_P1A02.03209.2.GSSGGGCFGGSSGGYGGLGGFGGGSFR	0.000	1.00
WAN1100427_OT2_Celegans_HCW_P1A02.01368.2.SGGGGGGGGCGGGGGVSSLR	0.000	1.00
WAN1100427_OT2_Celegans_HCW_P1A02.00756.2.YGQHGSGSR	0.000	1.00
WAN1100427_OT2_Celegans_HCW_P1A02.00818.2.HGNSHQGEPR	0.000	1.00
WAN1100427_OT2_Celegans_HCW_P1A02.02382.2.QISNLQQSISDAEQR	0.000	1.00
WAN1100427_OT2_Celegans_HCW_P1A02.01430.2.NKYEDEINKR	0.000	1.00
WAN1100427_OT2_Celegans_HCW_P1A02.02691.2.VDALMDEINFMK	0.000	1.00
WAN1100427_OT2_Celegans_HCW_P1A02.00784.2.HGNSHQGEPR	0.000	1.00
WAN1100427_OT2_Celegans_HCW_P1A02.00813.2.YGQQGSGSGQSPSR	0.000	1.00
WAN1100427_OT2_Celegans_HCW_P1A02.01909.2.TNAENEFVTIKK	0.000	1.00
WAN1100427_OT2_Celegans_HCW_P1A02.02336.2.QSLEASLAETEGR	0.000	1.00
WAN1100427_OT2_Celegans_HCW_P1A02.01989.2.LASYLDKVR	0.000	1.00
WAN1100427_OT2_Celegans_HCW_P1A02.01584.2.VDPEIQNVK	0.000	1.00
WAN1100427_OT2_Celegans_HCW_P1A02.01376.2.NMQDMVEDYR	0.000	1.00
WAN1100427_OT2_Celegans_HCW_P1A02.01953.2.TAAENDFVTLKK	0.000	1.00
WAN1100427_OT2_Celegans_HCW_P1A02.02450.2.TLLDIDNTR	0.000	1.00
WAN1100427_OT2_Celegans_HCW_P1A02.00820.2.HGNSHQGEPR	0.000	1.00
WAN1100427_OT2_Celegans_HCW_P1A02.02526.2.VLDELTLTK	0.000	1.00
WAN1100427_OT2_Celegans_HCW_P1A02.01427.2.NKYEDEINKR	0.000	1.00
WAN1100427_OT2_Celegans_HCW_P1A02.01772.2.HGGGGGGFGGGGFGSR	0.000	1.00
WAN1100427_OT2_Celegans_HCW_P1A02.01058.2.GGSGGSYGGGGSGGGYGGGSGSR	0.000	1.00
WAN1100427_OT2_Celegans_HCW_P1A02.01846.2.ALEESNYELEGK	0.000	1.00
WAN1100427_OT2_Celegans_HCW_P1A02.07109.3.HGVQELEIELQSQLSKK	0.000	1.00
WAN1100427_OT2_Celegans_HCW_P1A02.01769.2.HGGGGGGFGGGGFGSR	0.000	1.00
WAN1100427_OT2_Celegans_HCW_P1A02.01372.2.NMQDMVEDYR	0.000	1.00
WAN1100427_OT2_Celegans_HCW_P1A02.01191.3.QSLGHGQHGSGSGQSPSPSR	0.000	1.00
WAN1100427_OT2_Celegans_HCW_P1A02.01462.2.SKAEAESLYQSK	0.000	1.00
WAN1100427_OT2_Celegans_HCW_P1A02.01777.2.LENEIQTYR	0.000	1.00
WAN1100427_OT2_Celegans_HCW_P1A02.01916.3.TNAENEFVTIKK	0.000	1.00
WAN1100427_OT2_Celegans_HCW_P1A02.01190.2.GGSGGGGSISGGGYGSGGGSGGR	0.000	1.00
WAN1100427_OT2_Celegans_HCW_P1A02.01396.2.SGGGGGGGLGSGGSIR	0.000	1.00
WAN1100427_OT2_Celegans_HCW_P1A02.02239.2.FSSCGGGGGSFGAGGGFGSR	0.000	1.00
WAN1100427_OT2_Celegans_HCW_P1A02.01438.3.NKYEDEINKR	0.000	1.00
WAN1100427_OT2_Celegans_HCW_P1A02.00753.2.HGNSHQGEPR	0.000	1.00
WAN1100427_OT2_Celegans_HCW_P1A02.07116.3.HGVQELEIELQSQLSKK	0.000	1.00
WAN1100427_OT2_Celegans_HCW_P1A02.00904.2.GGSSSGGGYGSGGGGSSSVK	0.000	1.00
WAN1100427_OT2_Celegans_HCW_P1A02.02375.2.TAAENDFVTLK	0.000	1.00
WAN1100427_OT2_Celegans_HCW_P1A02.01053.2.GGSGGSYGGGGSGGGYGGGSGSR	0.000	1.00
WAN1100427_OT2_Celegans_HCW_P1A02.02143.2.ISISTSGGSFR	0.000	1.00
WAN1100427_OT2_Celegans_HCW_P1A02.03205.2.GSSGGGCFGGSSGGYGGLGGFGGGSFR	0.000	1.00
WAN1100427_OT2_Celegans_HCW_P1A02.03419.2.SLNNQFASFIDK	0.000	1.00
WAN1100427_OT2_Celegans_HCW_P1A02.01256.2.KYEDEINKR	0.000	1.00
WAN1100427_OT2_Celegans_HCW_P1A02.01955.2.TAAENDFVTLKK	0.000	1.00
WAN1100427_OT2_Celegans_HCW_P1A02.01603.2.VTMQNLNDR	0.000	1.00
WAN1100427_OT2_Celegans_HCW_P1A02.01193.3.QSLGHGQHGSGSGQSPSPSR	0.000	1.00
WAN1100427_OT2_Celegans_HCW_P1A02.01985.2.LASYLDKVR	0.000	1.00
WAN1100427_OT2_Celegans_HCW_P1A02.00757.2.HGNSHQGEPR	0.000	1.00
WAN1100427_OT2_Celegans_HCW_P1A02.00832.2.HGSSSGSSSSYGQHGSGSR	0.000	1.00
WAN1100427_OT2_Celegans_HCW_P1A02.04339.2.VDLLNQEIEFLK	0.000	1.00
WAN1100427_OT2_Celegans_HCW_P1A02.04376.2.SLDLDSIIAEVK	0.000	1.00
WAN1100427_OT2_Celegans_HCW_P1A02.02379.2.QISNLQQSISDAEQR	0.000	1.00
WAN1100427_OT2_Celegans_HCW_P1A02.01643.2.SLLEGEGSSGGGGR	0.000	1.00
WAN1100427_OT2_Celegans_HCW_P1A02.04372.2.NLDLDSIIAEVK	0.000	1.00
WAN1100427_OT2_Celegans_HCW_P1A02.02023.2.NVQDAIADAEQR	0.000	1.00
WAN1100427_OT2_Celegans_HCW_P1A02.01824.2.STSSFSCLSR	0.000	1.00
WAN1100427_OT2_Celegans_HCW_P1A02.01204.2.FSSSSGYGGGSSR	0.000	1.00
WAN1100427_OT2_Celegans_HCW_P1A02.01399.2.SGGGGGGGLGSGGSIR	0.000	1.00
WAN1100427_OT2_Celegans_HCW_P1A02.00710.2.QGSGSGQSPGHGQR	0.000	1.00
WAN1100427_OT2_Celegans_HCW_P1A02.00809.2.YGQQGSGSGQSPSR	0.000	1.00
WAN1100427_OT2_Celegans_HCW_P1A02.02645.2.WTLLQEQGTK	0.000	1.00
WAN1100427_OT2_Celegans_HCW_P1A02.02447.2.IRLENEIQTYR	0.000	1.00
WAN1100427_OT2_Celegans_HCW_P1A02.07171.3.HGVQELEIELQSQLSKK	0.000	1.00
WAN1100427_OT2_Celegans_HCW_P1A02.01808.2.NMQDMVEDYR	0.000	1.00
WAN1100427_OT2_Celegans_HCW_P1A02.01727.2.DVDNAYMIK	0.000	1.00
WAN1100427_OT2_Celegans_HCW_P1A02.02030.2.LKYENEVALR	0.000	1.00
WAN1100427_OT2_Celegans_HCW_P1A02.02147.2.ISISTSGGSFR	0.000	1.00
WAN1100427_OT2_Celegans_HCW_P1A02.01912.2.TNAENEFVTIKK	0.000	1.00
WAN1100427_OT2_Celegans_HCW_P1A02.07237.3.HGVQELEIELQSQLSKK	0.000	1.00
WAN1100427_OT2_Celegans_HCW_P1A02.02523.2.VLDELTLTK	0.000	1.00
WAN1100427_OT2_Celegans_HCW_P1A02.01920.2.ASLENSLEETK	0.000	1.00
WAN1100427_OT2_Celegans_HCW_P1A02.02541.2.DAEAWFNEK	0.000	1.00
WAN1100427_OT2_Celegans_HCW_P1A02.01760.2.APSTYGGGLSVSSSR	0.000	1.00
WAN1100427_OT2_Celegans_HCW_P1A02.01454.2.SKAEAESLYQSK	0.000	1.00
WAN1100427_OT2_Celegans_HCW_P1A02.03293.2.WELLQQVDTSTR	0.000	1.00
WAN1100427_OT2_Celegans_HCW_P1A02.02655.2.WTLLQEQGTK	0.000	1.00
WAN1100427_OT2_Celegans_HCW_P1A02.04458.2.SLDLDSIIAEVK	0.000	1.00
WAN1100427_OT2_Celegans_HCW_P1A02.01724.2.DVDNAYMIK	0.000	1.00
WAN1100427_OT2_Celegans_HCW_P1A02.01924.2.ASLENSLEETK	0.000	1.00
WAN1100427_OT2_Celegans_HCW_P1A02.02763.2.GSLGGGFSSGGFSGGSFSR	0.000	1.00
WAN1100427_OT2_Celegans_HCW_P1A02.07182.3.HGVQELEIELQSQLSKK	0.000	1.00
WAN1100427_OT2_Celegans_HCW_P1A02.02327.2.TNAENEFVTIK	0.000	1.00
WAN1100427_OT2_Celegans_HCW_P1A02.01599.2.VTMQNLNDR	0.000	1.00
WAN1100427_OT2_Celegans_HCW_P1A02.01850.2.ALEESNYELEGK	0.000	1.00
WAN1100427_OT2_Celegans_HCW_P1A02.02339.2.QSLEASLAETEGR	0.000	1.00
WAN1100427_OT2_Celegans_HCW_P1A02.03152.2.AETECQNTEYQQLLDIK	0.000	1.00
WAN1100427_OT2_Celegans_HCW_P1A02.01435.3.NKYEDEINKR	0.000	1.00
WAN1100427_OT2_Celegans_HCW_P1A02.03501.2.ELTTEIDNNIEQISSYK	0.000	1.00
WAN1100427_OT2_Celegans_HCW_P1A02.03159.2.AETECQNTEYQQLLDIK	0.000	1.00
WAN1100427_OT2_Celegans_HCW_P1A02.02330.2.TNAENEFVTIK	0.000	1.00
WAN1100427_OT2_Celegans_HCW_P1A02.03297.2.WELLQQVDTSTR	0.000	1.00
WAN1100427_OT2_Celegans_HCW_P1A02.02548.2.DAEAWFNEK	0.000	1.00
WAN1100427_OT2_Celegans_HCW_P1A02.01766.2.APSTYGGGLSVSSSR	0.000	1.00
WAN1100427_OT2_Celegans_HCW_P1A02.03417.2.SLNNQFASFIDK	0.000	1.00
WAN1100427_OT2_Celegans_HCW_P1A02.02182.2.YEELQITAGR	0.000	1.00
WAN1100427_OT2_Celegans_HCW_P1A02.02686.2.VDALMDEINFMK	0.000	1.00
WAN1100427_OT2_Celegans_HCW_P1A02.01848.2.SLYNLGGSKR	0.000	1.00
WAN1100427_OT2_Celegans_HCW_P1A02.01120.2.GGSISGGGYGSGGGK	0.000	1.00
WAN1100427_OT2_Celegans_HCW_P1A02.02371.2.TAAENDFVTLK	0.000	1.00
WAN1100427_OT2_Celegans_HCW_P1A02.00839.2.GSGGGSSGGSIGGR	0.000	1.00
WAN1100427_OT2_Celegans_HCW_P1A02.01296.2.GGGGGGYGSGGSSYGSGGGSYGSGGGGGGGR	0.000	1.00
WAN1100427_OT2_Celegans_HCW_P1A02.02184.2.YEELQITAGR	0.000	1.00
WAN1100427_OT2_Celegans_HCW_P1A02.01080.2.GSSSGGGYSSGSSSYGSGGR	0.000	1.00
WAN1100427_OT2_Celegans_HCW_P1A02.00834.3.HGSSSGSSSSYGQHGSGSR	0.000	1.00
WAN1100427_OT2_Celegans_HCW_P1A02.02376.2.KVPQVSTPTLVEVSR	0.000	1.00
WAN1100427_OT2_Celegans_HCW_P1A02.00786.2.HGNSHQGEPR	0.000	1.00
WAN1100427_OT2_Celegans_HCW_P1A02.02765.2.GSLGGGFSSGGFSGGSFSR	0.000	1.00
WAN1100427_OT2_Celegans_HCW_P1A02.01645.2.SLLEGEGSSGGGGR	0.000	1.00
WAN1100427_OT2_Celegans_HCW_P1A02.01202.2.FSSSSGYGGGSSR	0.000	1.00
WAN1100427_OT2_Celegans_HCW_P1A02.00830.2.HGSSSGSSSSYGQHGSGSR	0.000	1.00
WAN1100427_OT2_Celegans_HCW_P1A02.02445.2.TLLDIDNTR	0.000	1.00
WAN1100427_OT2_Celegans_HCW_P1A02.00715.2.QGSGSGQSPGHGQR	0.000	1.00
WAN1100427_OT2_Celegans_HCW_P1A02.01188.2.GGSGGGGSISGGGYGSGGGSGGR	0.000	1.00
WAN1100427_OT2_Celegans_HCW_P1A02.01442.2.SQYEQLAEQNRK	0.000	1.00
WAN1100427_OT2_Celegans_HCW_P1A02.04343.2.VDLLNQEIEFLK	0.000	1.00
WAN1100427_OT2_Celegans_HCW_P1A02.01806.2.NMQDMVEDYR	0.000	1.00
WAN1100427_OT2_Celegans_HCW_P1A02.01440.2.SQYEQLAEQNRK	0.000	1.00
WAN1100427_OT2_Celegans_HCW_P1A02.01084.2.GSSSGGGYSSGSSSYGSGGR	0.000	1.00
WAN1100427_OT2_Celegans_HCW_P1A02.01688.2.TLLEGEESR	0.000	1.00
WAN1100427_OT2_Celegans_HCW_P1A02.03730.2.NVSTGDVNVEMNAAPGVDLTQLLNNMR	0.000	1.00
WAN1100427_OT2_Celegans_HCW_P1A02.01690.2.TLLEGEESR	0.000	1.00
WAN1100427_OT2_Celegans_HCW_P1A02.03745.2.NVSTGDVNVEMNAAPGVDLTQLLNNMR	0.000	1.00
WAN1100427_OT2_Celegans_HCW_P1A02.01260.2.KYEDEINKR	0.000	1.00
WAN1100427_OT2_Celegans_HCW_P1A02.01852.2.SLYNLGGSKR	0.000	1.00
WAN1100427_OT2_Celegans_HCW_P1A02.02001.2.SLVNLGGSK	0.000	1.00
WAN1100427_OT2_Celegans_HCW_P1A02.01998.2.SLVNLGGSK	0.000	1.00
WAN1100427_OT2_Celegans_HCW_P1A02.01587.2.VDPEIQNVK	0.000	1.00
WAN1100427_OT2_Celegans_HCW_P1A02.01991.2.QEYEQLIAK	0.000	1.00
WAN1100427_OT2_Celegans_HCW_P1A02.01799.2.LAADDFR	0.000	1.00
WAN1100427_OT2_Celegans_HCW_P1A02.01054.2.VTMQNLNDR	0.000	1.00
WAN1100427_OT2_Celegans_HCW_P1A02.02437.2.TLNDMRQEYEQLIAK	0.000	1.00
WAN1100427_OT2_Celegans_HCW_P1A02.00847.2.NHEEEMK	0.000	1.00
WAN1100427_OT2_Celegans_HCW_P1A02.00989.2.STMQELNSR	0.000	1.00
WAN1100427_OT2_Celegans_HCW_P1A02.02741.2.KQTALVELLK	0.000	1.00
WAN1100427_OT2_Celegans_HCW_P1A02.01063.2.NKPGVYTK	0.000	1.00
WAN1100427_OT2_Celegans_HCW_P1A02.02553.2.MTLDDFR	0.000	1.00
WAN1100427_OT2_Celegans_HCW_P1A02.00735.2.QGSGSGQSPGHGQR	0.000	1.00
WAN1100427_OT2_Celegans_HCW_P1A02.02677.2.IKFEMEQNLR	0.000	1.00
WAN1100427_OT2_Celegans_HCW_P1A02.01061.2.NHEEEMKDLR	0.000	1.00
WAN1100427_OT2_Celegans_HCW_P1A02.02203.2.SFSTASAITPSVSR	0.000	1.00
WAN1100427_OT2_Celegans_HCW_P1A02.01796.2.LAADDFR	0.000	1.00
WAN1100427_OT2_Celegans_HCW_P1A02.01988.2.QEYEQLIAK	0.000	1.00
WAN1100427_OT2_Celegans_HCW_P1A02.02564.2.RVLDELTLTK	0.000	1.00
WAN1100427_OT2_Celegans_HCW_P1A02.01059.2.VTMQNLNDR	0.000	1.00
WAN1100427_OT2_Celegans_HCW_P1A02.00844.2.NHEEEMK	0.000	1.00
WAN1100427_OT2_Celegans_HCW_P1A02.01822.2.STSSFSCLSR	0.000	1.00
WAN1100427_OT2_Celegans_HCW_P1A02.02431.2.TLNDMRQEYEQLIAK	0.000	1.00
WAN1100427_OT2_Celegans_HCW_P1A02.00055.2.NKPGVYTK	0.000	1.00
WAN1100427_OT2_Celegans_HCW_P1A02.02115.2.LKYENEVALR	0.000	1.00
WAN1100427_OT2_Celegans_HCW_P1A02.01783.2.IQDWYDKK	0.000	1.00
WAN1100427_OT2_Celegans_HCW_P1A02.01741.2.DYQELMNVK	0.000	1.00
WAN1100427_OT2_Celegans_HCW_P1A02.02737.2.KQTALVELLK	0.000	1.00
WAN1100427_OT2_Celegans_HCW_P1A02.00057.2.NKPGVYTK	0.000	1.00
WAN1100427_OT2_Celegans_HCW_P1A02.00737.2.QGSGSGQSPGHGQR	0.000	1.00
WAN1100427_OT2_Celegans_HCW_P1A02.00985.2.STMQELNSR	0.000	1.00
WAN1100427_OT2_Celegans_HCW_P1A02.01762.2.LASYLDK	0.000	1.00
WAN1100427_OT2_Celegans_HCW_P1A02.01904.2.IKFEMEQNLR	0.000	1.00
WAN1100427_OT2_Celegans_HCW_P1A02.01057.2.NKPGVYTK	0.000	1.00
WAN1100427_OT2_Celegans_HCW_P1A02.01785.2.IQDWYDKK	0.000	1.00
WAN1100427_OT2_Celegans_HCW_P1A02.01980.2.QVLDNLTMEK	0.000	1.00
WAN1100427_OT2_Celegans_HCW_P1A02.01735.2.DYQELMNVK	0.000	1.00
WAN1100427_OT2_Celegans_HCW_P1A02.01865.2.IKEWYEK	0.000	1.00
WAN1100427_OT2_Celegans_HCW_P1A02.02005.3.LKYENEVALR	0.000	1.00
WAN1100427_OT2_Celegans_HCW_P1A02.01847.2.IKFEMEQNLR	0.000	1.00
WAN1100427_OT2_Celegans_HCW_P1A02.00999.2.KGPAAIQK	0.000	1.00
WAN1100427_OT2_Celegans_HCW_P1A02.01851.2.IKFEMEQNLR	0.000	1.00
WAN1100427_OT2_Celegans_HCW_P1A02.02695.2.IKFEMEQNLR	0.000	1.00
WAN1100427_OT2_Celegans_HCW_P1A02.01867.2.IKEWYEK	0.000	1.00
WAN1100427_OT2_Celegans_HCW_P1A02.01976.2.QVLDNLTMEK	0.000	1.00
WAN1100427_OT2_Celegans_HCW_P1A02.01863.3.LDSELKNMQDMVEDYR	0.000	1.00
WAN1100427_OT2_Celegans_HCW_P1A02.01424.2.LLEGEECR	0.000	1.00
WAN1100427_OT2_Celegans_HCW_P1A02.02125.2.LKYENEVALR	0.000	1.00
WAN1100427_OT2_Celegans_HCW_P1A02.01900.2.IKFEMEQNLR	0.000	1.00
WAN1100427_OT2_Celegans_HCW_P1A02.03304.2.FFEGEPIWSVYK	0.000	1.00
WAN1100427_OT2_Celegans_HCW_P1A02.01957.2.SISISVAR	0.000	1.00
WAN1100427_OT2_Celegans_HCW_P1A02.01959.2.SISISVAR	0.000	1.00
WAN1100427_OT2_Celegans_HCW_P1A02.02188.2.QSVEADINGLRR	0.000	1.00
WAN1100427_OT2_Celegans_HCW_P1A02.00923.2.AQEREQIK	0.000	1.00
WAN1100427_OT2_Celegans_HCW_P1A02.02446.3.TLNDMRQEYEQLIAK	0.000	1.00
WAN1100427_OT2_Celegans_HCW_P1A02.06915.3.LWNNDWFKEYTNRGTLK	0.000	0.99
WAN1100427_OT2_Celegans_HCW_P1A02.02199.3.SFLFTSLDMSTMR	0.000	0.99
WAN1100427_OT2_Celegans_HCW_P1A02.02854.3.LWNNDWFKEYTNRGTLK	0.000	0.99
WAN1100427_OT2_Celegans_HCW_P1A02.00921.2.AQEREQIK	0.000	0.99
WAN1100427_OT2_Celegans_HCW_P1A02.01927.2.MTLDDFR	0.001	0.99
WAN1100427_OT2_Celegans_HCW_P1A02.01930.2.MTLDDFR	0.001	0.99
WAN1100427_OT2_Celegans_HCW_P1A02.02236.3.SDAGSYNTSDKRSSR	0.001	0.98
WAN1100427_OT2_Celegans_HCW_P1A02.00815.2.GGSGGSYGRGSR	0.001	0.98
WAN1100427_OT2_Celegans_HCW_P1A02.00811.2.GGSGGSYGRGSR	0.001	0.98
WAN1100427_OT2_Celegans_HCW_P1A02.01403.2.DYQELMNTK	0.001	0.98
WAN1100427_OT2_Celegans_HCW_P1A02.01445.3.SQYEQLAEQNRK	0.001	0.98
WAN1100427_OT2_Celegans_HCW_P1A02.01969.2.QFSSSYLSR	0.001	0.98
WAN1100427_OT2_Celegans_HCW_P1A02.03973.3.SPWSNTYDPPLEDGQLPSEKRR	0.002	0.97
WAN1100427_OT2_Celegans_HCW_P1A02.02191.3.SFLFTSLDMSTMR	0.002	0.97
WAN1100427_OT2_Celegans_HCW_P1A02.01971.2.QFSSSYLSR	0.002	0.96
WAN1100427_OT2_Celegans_HCW_P1A02.03178.2.QMSTQQAANLRK	0.002	0.96
WAN1100427_OT2_Celegans_HCW_P1A02.01408.2.LRSEIDNVKK	0.002	0.96
WAN1100427_OT2_Celegans_HCW_P1A02.02806.2.AKIVVSYGEGEFWR	0.002	0.96
WAN1100427_OT2_Celegans_HCW_P1A02.03175.2.QMSTQQAANLRK	0.003	0.95
WAN1100427_OT2_Celegans_HCW_P1A02.01610.3.IGLGGRGGSGGSYGR	0.003	0.95
WAN1100427_OT2_Celegans_HCW_P1A02.01400.2.DYQELMNTK	0.004	0.95
WAN1100427_OT2_Celegans_HCW_P1A02.00987.2.SAADLFTR	0.004	0.95
WAN1100427_OT2_Celegans_HCW_P1A02.02402.2.DYQELMNVK	0.004	0.94
WAN1100427_OT2_Celegans_HCW_P1A02.03121.2.MYHGMQTKLSLLSAQHRR	0.004	0.94
WAN1100427_OT2_Celegans_HCW_P1A02.01888.2.QGVDADINGLR	0.005	0.94
WAN1100427_OT2_Celegans_HCW_P1A02.02440.3.TLNDMRQEYEQLIAK	0.005	0.94
WAN1100427_OT2_Celegans_HCW_P1A02.01071.3.NHEEEMKDLR	0.006	0.93
WAN1100427_OT2_Celegans_HCW_P1A02.03014.2.TLNNDIMLIK	0.006	0.92
WAN1100427_OT2_Celegans_HCW_P1A02.02827.3.DEFLFWNKSDYNITWLK	0.007	0.91
WAN1100427_OT2_Celegans_HCW_P1A02.02836.2.EVYIFDRIENKTSSENIK	0.008	0.90
WAN1100427_OT2_Celegans_HCW_P1A02.03320.2.FFNLTDEDARVLDPQVRK	0.008	0.90
WAN1100427_OT2_Celegans_HCW_P1A02.02634.2.TLNNDIMLIK	0.009	0.89
